<?xml version="1.0" encoding="UTF-8"?>
<!-- Generated by org.testng.reporters.JUnitReportReporter -->
<testsuite hostname="huys-mbp.lan" failures="0" tests="1" name="aa.AmericanAirlinesTest" time="346.396" errors="0" timestamp="2024-10-24T10:46:11 EDT" skipped="0">
  <testcase classname="aa.AmericanAirlinesTest" name="searchTest" time="346.396"/>
</testsuite> <!-- aa.AmericanAirlinesTest -->
